# JRE version: OpenJDK Runtime Environment (8.0_152-b01) (build 1.8.0_152-release-1343-b01)
# Java VM: OpenJDK 64-Bit Server VM (25.152-b01 mixed mode windows-amd64 compressed oops)
Heap:
 PSYoungGen      total 34816K, used 16896K [0x00000000e0000000, 0x00000000e2b80000, 0x0000000100000000)
  eden space 27136K, 35% used [0x00000000e0000000,0x00000000e0959368,0x00000000e1a80000)
  from space 7680K, 95% used [0x00000000e1b00000,0x00000000e2226ee8,0x00000000e2280000)
  to   space 8704K, 0% used [0x00000000e2300000,0x00000000e2300000,0x00000000e2b80000)
 ParOldGen       total 36864K, used 8033K [0x00000000a0000000, 0x00000000a2400000, 0x00000000e0000000)
  object space 36864K, 21% used [0x00000000a0000000,0x00000000a07d8450,0x00000000a2400000)
 Metaspace       used 33369K, capacity 33934K, committed 34304K, reserved 1079296K
  class space    used 4596K, capacity 4801K, committed 4864K, reserved 1048576K
GC Heap History (10 events):
Event: 23.106 GC heap before
{Heap before GC invocations=10 (full 1):
 PSYoungGen      total 36352K, used 29696K [0x00000000e0000000, 0x00000000e2c00000, 0x0000000100000000)
  eden space 29696K, 100% used [0x00000000e0000000,0x00000000e1d00000,0x00000000e1d00000)
  from space 6656K, 0% used [0x00000000e2580000,0x00000000e2580000,0x00000000e2c00000)
  to   space 7680K, 0% used [0x00000000e1d00000,0x00000000e1d00000,0x00000000e2480000)
 ParOldGen       total 36864K, used 8001K [0x00000000a0000000, 0x00000000a2400000, 0x00000000e0000000)
  object space 36864K, 21% used [0x00000000a0000000,0x00000000a07d0450,0x00000000a2400000)
 Metaspace       used 25658K, capacity 26106K, committed 26240K, reserved 1071104K
  class space    used 3449K, capacity 3640K, committed 3712K, reserved 1048576K
Event: 23.110 GC heap after
Heap after GC invocations=10 (full 1):
 PSYoungGen      total 33792K, used 4465K [0x00000000e0000000, 0x00000000e2b80000, 0x0000000100000000)
  eden space 29184K, 0% used [0x00000000e0000000,0x00000000e0000000,0x00000000e1c80000)
  from space 4608K, 96% used [0x00000000e1d00000,0x00000000e215c628,0x00000000e2180000)
  to   space 7680K, 0% used [0x00000000e2400000,0x00000000e2400000,0x00000000e2b80000)
 ParOldGen       total 36864K, used 8009K [0x00000000a0000000, 0x00000000a2400000, 0x00000000e0000000)
  object space 36864K, 21% used [0x00000000a0000000,0x00000000a07d2450,0x00000000a2400000)
 Metaspace       used 25658K, capacity 26106K, committed 26240K, reserved 1071104K
  class space    used 3449K, capacity 3640K, committed 3712K, reserved 1048576K
}
Event: 27.765 GC heap before
{Heap before GC invocations=11 (full 1):
 PSYoungGen      total 33792K, used 33649K [0x00000000e0000000, 0x00000000e2b80000, 0x0000000100000000)
  eden space 29184K, 100% used [0x00000000e0000000,0x00000000e1c80000,0x00000000e1c80000)
  from space 4608K, 96% used [0x00000000e1d00000,0x00000000e215c628,0x00000000e2180000)
  to   space 7680K, 0% used [0x00000000e2400000,0x00000000e2400000,0x00000000e2b80000)
 ParOldGen       total 36864K, used 8009K [0x00000000a0000000, 0x00000000a2400000, 0x00000000e0000000)
  object space 36864K, 21% used [0x00000000a0000000,0x00000000a07d2450,0x00000000a2400000)
 Metaspace       used 28378K, capacity 28822K, committed 29056K, reserved 1075200K
  class space    used 3812K, capacity 3966K, committed 3968K, reserved 1048576K
Event: 27.780 GC heap after
Heap after GC invocations=11 (full 1):
 PSYoungGen      total 35840K, used 5331K [0x00000000e0000000, 0x00000000e2b00000, 0x0000000100000000)
  eden space 28672K, 0% used [0x00000000e0000000,0x00000000e0000000,0x00000000e1c00000)
  from space 7168K, 74% used [0x00000000e2400000,0x00000000e2934de0,0x00000000e2b00000)
  to   space 7680K, 0% used [0x00000000e1c00000,0x00000000e1c00000,0x00000000e2380000)
 ParOldGen       total 36864K, used 8009K [0x00000000a0000000, 0x00000000a2400000, 0x00000000e0000000)
  object space 36864K, 21% used [0x00000000a0000000,0x00000000a07d2450,0x00000000a2400000)
 Metaspace       used 28378K, capacity 28822K, committed 29056K, reserved 1075200K
  class space    used 3812K, capacity 3966K, committed 3968K, reserved 1048576K
}
Event: 30.845 GC heap before
{Heap before GC invocations=12 (full 1):
 PSYoungGen      total 35840K, used 34003K [0x00000000e0000000, 0x00000000e2b00000, 0x0000000100000000)
  eden space 28672K, 100% used [0x00000000e0000000,0x00000000e1c00000,0x00000000e1c00000)
  from space 7168K, 74% used [0x00000000e2400000,0x00000000e2934de0,0x00000000e2b00000)
  to   space 7680K, 0% used [0x00000000e1c00000,0x00000000e1c00000,0x00000000e2380000)
 ParOldGen       total 36864K, used 8009K [0x00000000a0000000, 0x00000000a2400000, 0x00000000e0000000)
  object space 36864K, 21% used [0x00000000a0000000,0x00000000a07d2450,0x00000000a2400000)
 Metaspace       used 29725K, capacity 30206K, committed 30464K, reserved 1075200K
  class space    used 4036K, capacity 4233K, committed 4352K, reserved 1048576K
Event: 30.851 GC heap after
Heap after GC invocations=12 (full 1):
 PSYoungGen      total 33792K, used 5376K [0x00000000e0000000, 0x00000000e2a80000, 0x0000000100000000)
  eden space 28160K, 0% used [0x00000000e0000000,0x00000000e0000000,0x00000000e1b80000)
  from space 5632K, 95% used [0x00000000e1c00000,0x00000000e21402e8,0x00000000e2180000)
  to   space 7680K, 0% used [0x00000000e2300000,0x00000000e2300000,0x00000000e2a80000)
 ParOldGen       total 36864K, used 8017K [0x00000000a0000000, 0x00000000a2400000, 0x00000000e0000000)
  object space 36864K, 21% used [0x00000000a0000000,0x00000000a07d4450,0x00000000a2400000)
 Metaspace       used 29725K, capacity 30206K, committed 30464K, reserved 1075200K
  class space    used 4036K, capacity 4233K, committed 4352K, reserved 1048576K
}
Event: 32.809 GC heap before
{Heap before GC invocations=13 (full 1):
 PSYoungGen      total 33792K, used 33536K [0x00000000e0000000, 0x00000000e2a80000, 0x0000000100000000)
  eden space 28160K, 100% used [0x00000000e0000000,0x00000000e1b80000,0x00000000e1b80000)
  from space 5632K, 95% used [0x00000000e1c00000,0x00000000e21402e8,0x00000000e2180000)
  to   space 7680K, 0% used [0x00000000e2300000,0x00000000e2300000,0x00000000e2a80000)
 ParOldGen       total 36864K, used 8017K [0x00000000a0000000, 0x00000000a2400000, 0x00000000e0000000)
  object space 36864K, 21% used [0x00000000a0000000,0x00000000a07d4450,0x00000000a2400000)
 Metaspace       used 31349K, capacity 31748K, committed 32000K, reserved 1077248K
  class space    used 4316K, capacity 4490K, committed 4608K, reserved 1048576K
Event: 32.817 GC heap after
Heap after GC invocations=13 (full 1):
 PSYoungGen      total 34816K, used 6535K [0x00000000e0000000, 0x00000000e2a00000, 0x0000000100000000)
  eden space 27648K, 0% used [0x00000000e0000000,0x00000000e0000000,0x00000000e1b00000)
  from space 7168K, 91% used [0x00000000e2300000,0x00000000e2961c30,0x00000000e2a00000)
  to   space 7680K, 0% used [0x00000000e1b00000,0x00000000e1b00000,0x00000000e2280000)
 ParOldGen       total 36864K, used 8025K [0x00000000a0000000, 0x00000000a2400000, 0x00000000e0000000)
  object space 36864K, 21% used [0x00000000a0000000,0x00000000a07d6450,0x00000000a2400000)
 Metaspace       used 31349K, capacity 31748K, committed 32000K, reserved 1077248K
  class space    used 4316K, capacity 4490K, committed 4608K, reserved 1048576K
}
Event: 36.483 GC heap before
{Heap before GC invocations=14 (full 1):
 PSYoungGen      total 34816K, used 34183K [0x00000000e0000000, 0x00000000e2a00000, 0x0000000100000000)
  eden space 27648K, 100% used [0x00000000e0000000,0x00000000e1b00000,0x00000000e1b00000)
  from space 7168K, 91% used [0x00000000e2300000,0x00000000e2961c30,0x00000000e2a00000)
  to   space 7680K, 0% used [0x00000000e1b00000,0x00000000e1b00000,0x00000000e2280000)
 ParOldGen       total 36864K, used 8025K [0x00000000a0000000, 0x00000000a2400000, 0x00000000e0000000)
  object space 36864K, 21% used [0x00000000a0000000,0x00000000a07d6450,0x00000000a2400000)
 Metaspace       used 33012K, capacity 33520K, committed 33664K, reserved 1079296K
  class space    used 4543K, capacity 4732K, committed 4736K, reserved 1048576K
Event: 36.489 GC heap after
Heap after GC invocations=14 (full 1):
 PSYoungGen      total 34816K, used 7323K [0x00000000e0000000, 0x00000000e2b80000, 0x0000000100000000)
  eden space 27136K, 0% used [0x00000000e0000000,0x00000000e0000000,0x00000000e1a80000)
  from space 7680K, 95% used [0x00000000e1b00000,0x00000000e2226ee8,0x00000000e2280000)
  to   space 8704K, 0% used [0x00000000e2300000,0x00000000e2300000,0x00000000e2b80000)
 ParOldGen       total 36864K, used 8033K [0x00000000a0000000, 0x00000000a2400000, 0x00000000e0000000)
  object space 36864K, 21% used [0x00000000a0000000,0x00000000a07d8450,0x00000000a2400000)
 Metaspace       used 33012K, capacity 33520K, committed 33664K, reserved 1079296K
  class space    used 4543K, capacity 4732K, committed 4736K, reserved 1048576K
}

